2024-12-25 13:29:14,545 INFO o.a.j.u.JMeterUtils: Setting Locale to en_US
2024-12-25 13:29:14,587 INFO o.a.j.JMeter: Loading user properties from: user.properties
2024-12-25 13:29:14,594 INFO o.a.j.JMeter: Loading system properties from: system.properties
2024-12-25 13:29:14,595 INFO o.a.j.JMeter: Loading additional properties from: G:\My Drive\Talentify\Jmeter\apache-jmeter-5.6.3\bin\jmeter.properties
2024-12-25 13:29:14,608 INFO o.a.j.JMeter: Copyright (c) 1998-2024 The Apache Software Foundation
2024-12-25 13:29:14,608 INFO o.a.j.JMeter: Version 5.6.3
2024-12-25 13:29:14,608 INFO o.a.j.JMeter: java.version=21.0.4
2024-12-25 13:29:14,609 INFO o.a.j.JMeter: java.vm.name=Java HotSpot(TM) 64-Bit Server VM
2024-12-25 13:29:14,609 INFO o.a.j.JMeter: os.name=Windows 11
2024-12-25 13:29:14,609 INFO o.a.j.JMeter: os.arch=amd64
2024-12-25 13:29:14,609 INFO o.a.j.JMeter: os.version=10.0
2024-12-25 13:29:14,610 INFO o.a.j.JMeter: file.encoding=UTF-8
2024-12-25 13:29:14,610 INFO o.a.j.JMeter: java.awt.headless=true
2024-12-25 13:29:14,610 INFO o.a.j.JMeter: Max memory     =4223664128
2024-12-25 13:29:14,610 INFO o.a.j.JMeter: Available Processors =20
2024-12-25 13:29:14,618 INFO o.a.j.JMeter: Default Locale=English (United States)
2024-12-25 13:29:14,618 INFO o.a.j.JMeter: JMeter  Locale=English (United States)
2024-12-25 13:29:14,618 INFO o.a.j.JMeter: JMeterHome=G:\My Drive\Talentify\Jmeter\apache-jmeter-5.6.3
2024-12-25 13:29:14,618 INFO o.a.j.JMeter: user.dir  =G:\My Drive\Talentify\Jmeter\apache-jmeter-5.6.3\bin
2024-12-25 13:29:14,626 INFO o.a.j.JMeter: PWD       =G:\My Drive\Talentify\Jmeter\apache-jmeter-5.6.3\bin
2024-12-25 13:29:14,628 INFO o.a.j.JMeter: IP: 192.168.1.138 Name: ANIL FullName: ANIL.local
2024-12-25 13:29:14,654 INFO o.a.j.JMeter: Setting property 'jmeter.reportgenerator.outputdir' to:'C:\Users\Talentify\Desktop\HTMLReports'
2024-12-25 13:29:14,661 INFO o.a.j.r.d.ReportGenerator: ReportGenerator will use for Parsing the separator: ','
2024-12-25 13:29:14,661 INFO o.a.j.r.d.ReportGenerator: Will only generate report from results file: C:\Users\Talentify\Desktop\Result.csv
2024-12-25 13:29:14,662 INFO o.a.j.r.d.ReportGenerator: Reading report generator properties from: G:\My Drive\Talentify\Jmeter\apache-jmeter-5.6.3\bin\reportgenerator.properties
2024-12-25 13:29:14,678 INFO o.a.j.r.d.ReportGenerator: Merging with JMeter properties
2024-12-25 13:29:14,683 INFO o.a.j.r.c.ReportGeneratorConfiguration: Property 'jmeter.reportgenerator.temp_dir' not found, using default value 'temp' instead.
2024-12-25 13:29:14,686 INFO o.a.j.r.c.ReportGeneratorConfiguration: Property 'jmeter.reportgenerator.apdex_per_transaction' not found, using default value 'null' instead.
2024-12-25 13:29:14,697 INFO o.a.j.r.c.ReportGeneratorConfiguration: apdex_per_transaction is empty, not APDEX per transaction customization
2024-12-25 13:29:14,697 INFO o.a.j.r.c.ReportGeneratorConfiguration: Property 'jmeter.reportgenerator.sample_filter' not found, using default value 'null' instead.
2024-12-25 13:29:14,698 INFO o.a.j.r.c.ReportGeneratorConfiguration: Property 'jmeter.reportgenerator.report_title' not found, using default value 'null' instead.
2024-12-25 13:29:14,698 INFO o.a.j.r.c.ReportGeneratorConfiguration: Property 'jmeter.reportgenerator.start_date' not found, using default value 'null' instead.
2024-12-25 13:29:14,698 INFO o.a.j.r.c.ReportGeneratorConfiguration: Property 'jmeter.reportgenerator.end_date' not found, using default value 'null' instead.
2024-12-25 13:29:14,698 INFO o.a.j.r.c.ReportGeneratorConfiguration: Property 'jmeter.reportgenerator.date_format' not found, using default value 'null' instead.
2024-12-25 13:29:14,701 INFO o.a.j.r.c.ReportGeneratorConfiguration: Will use date range start date: null, end date: null
2024-12-25 13:29:14,708 INFO o.a.j.r.c.ReportGeneratorConfiguration: Property 'jmeter.reportgenerator.graph.totalTPS.exclude_controllers' not found, using default value 'false' instead.
2024-12-25 13:29:14,709 INFO o.a.j.r.c.ReportGeneratorConfiguration: Property 'jmeter.reportgenerator.graph.activeThreadsOverTime.exclude_controllers' not found, using default value 'false' instead.
2024-12-25 13:29:14,709 INFO o.a.j.r.c.ReportGeneratorConfiguration: Property 'jmeter.reportgenerator.graph.timeVsThreads.exclude_controllers' not found, using default value 'false' instead.
2024-12-25 13:29:14,709 INFO o.a.j.r.c.ReportGeneratorConfiguration: Property 'jmeter.reportgenerator.graph.responseTimeDistribution.exclude_controllers' not found, using default value 'false' instead.
2024-12-25 13:29:14,709 INFO o.a.j.r.c.ReportGeneratorConfiguration: Property 'jmeter.reportgenerator.graph.transactionsPerSecond.exclude_controllers' not found, using default value 'false' instead.
2024-12-25 13:29:14,710 INFO o.a.j.r.c.ReportGeneratorConfiguration: Property 'jmeter.reportgenerator.graph.responseTimePercentiles.exclude_controllers' not found, using default value 'false' instead.
2024-12-25 13:29:14,710 INFO o.a.j.r.c.ReportGeneratorConfiguration: Property 'jmeter.reportgenerator.graph.responseTimePercentilesOverTime.exclude_controllers' not found, using default value 'false' instead.
2024-12-25 13:29:14,710 INFO o.a.j.r.c.ReportGeneratorConfiguration: Property 'jmeter.reportgenerator.graph.responseTimesOverTime.exclude_controllers' not found, using default value 'false' instead.
2024-12-25 13:29:14,711 INFO o.a.j.r.c.ReportGeneratorConfiguration: Property 'jmeter.reportgenerator.graph.connectTimeOverTime.exclude_controllers' not found, using default value 'false' instead.
2024-12-25 13:29:14,711 INFO o.a.j.r.c.ReportGeneratorConfiguration: Property 'jmeter.reportgenerator.graph.latenciesOverTime.exclude_controllers' not found, using default value 'false' instead.
2024-12-25 13:29:14,713 INFO o.a.j.r.c.ReportGeneratorConfiguration: Property 'jmeter.reportgenerator.exporter.json.filters_only_sample_series' not found, using default value 'true' instead.
2024-12-25 13:29:14,713 INFO o.a.j.r.c.ReportGeneratorConfiguration: Property 'jmeter.reportgenerator.exporter.json.series_filter' not found, using default value '' instead.
2024-12-25 13:29:14,713 INFO o.a.j.r.c.ReportGeneratorConfiguration: Property 'jmeter.reportgenerator.exporter.json.show_controllers_only' not found, using default value 'false' instead.
2024-12-25 13:29:14,714 INFO o.a.j.r.c.ReportGeneratorConfiguration: Property 'jmeter.reportgenerator.exporter.html.filters_only_sample_series' not found, using default value 'true' instead.
2024-12-25 13:29:14,714 INFO o.a.j.r.c.ReportGeneratorConfiguration: Property 'jmeter.reportgenerator.exporter.html.series_filter' not found, using default value '' instead.
2024-12-25 13:29:14,715 INFO o.a.j.r.c.ReportGeneratorConfiguration: Property 'jmeter.reportgenerator.exporter.html.show_controllers_only' not found, using default value 'false' instead.
2024-12-25 13:29:14,967 INFO o.a.j.s.SaveService: Testplan (JMX) version: 2.2. Testlog (JTL) version: 2.2
2024-12-25 13:29:15,014 INFO o.a.j.s.SaveService: Using SaveService properties version 5.0
2024-12-25 13:29:15,020 INFO o.a.j.s.SaveService: Using SaveService properties file encoding UTF-8
2024-12-25 13:29:15,053 INFO o.a.j.r.p.NormalizerSampleConsumer: Using format, 'ms', to parse timeStamp field
2024-12-25 13:29:15,197 INFO o.a.j.r.p.AbstractSampleConsumer: class org.apache.jmeter.report.processor.AggregateConsumer#stopProducing(): beginDate produced 0 samples
2024-12-25 13:29:15,197 INFO o.a.j.r.p.AbstractSampleConsumer: class org.apache.jmeter.report.processor.AggregateConsumer#stopProducing(): endDate produced 0 samples
2024-12-25 13:29:15,200 INFO o.a.j.r.p.AbstractSampleConsumer: class org.apache.jmeter.report.processor.ApdexSummaryConsumer#stopProducing(): apdexSummary produced 0 samples
2024-12-25 13:29:15,201 INFO o.a.j.r.p.AbstractSampleConsumer: class org.apache.jmeter.report.processor.RequestsSummaryConsumer#stopProducing(): requestsSummary produced 0 samples
2024-12-25 13:29:15,209 INFO o.a.j.r.p.AbstractSampleConsumer: class org.apache.jmeter.report.processor.StatisticsSummaryConsumer#stopProducing(): statisticsSummary produced 0 samples
2024-12-25 13:29:15,211 INFO o.a.j.r.p.AbstractSampleConsumer: class org.apache.jmeter.report.processor.Top5ErrorsBySamplerConsumer#stopProducing(): top5ErrorsBySampler produced 0 samples
2024-12-25 13:29:15,211 INFO o.a.j.r.p.AbstractSampleConsumer: class org.apache.jmeter.report.processor.ErrorsSummaryConsumer#stopProducing(): errorsSummary produced 0 samples
2024-12-25 13:29:15,212 INFO o.a.j.r.p.AbstractSampleConsumer: class org.apache.jmeter.report.processor.graph.impl.HitsPerSecondGraphConsumer#stopProducing(): hitsPerSecond produced 0 samples
2024-12-25 13:29:15,248 INFO o.a.j.r.p.AbstractSampleConsumer: class org.apache.jmeter.report.processor.graph.impl.LatencyVSRequestGraphConsumer#stopProducing(): latencyVsRequest produced 0 samples
2024-12-25 13:29:15,248 INFO o.a.j.r.p.AbstractSampleConsumer: class org.apache.jmeter.report.processor.graph.impl.SyntheticResponseTimeDistributionGraphConsumer#stopProducing(): syntheticResponseTimeDistribution produced 0 samples
2024-12-25 13:29:15,249 INFO o.a.j.r.p.AbstractSampleConsumer: class org.apache.jmeter.report.processor.graph.impl.BytesThroughputGraphConsumer#stopProducing(): bytesThroughputOverTime produced 0 samples
2024-12-25 13:29:15,250 INFO o.a.j.r.p.AbstractSampleConsumer: class org.apache.jmeter.report.processor.graph.impl.CodesPerSecondGraphConsumer#stopProducing(): codesPerSecond produced 0 samples
2024-12-25 13:29:15,286 INFO o.a.j.r.p.AbstractSampleConsumer: class org.apache.jmeter.report.processor.graph.impl.ResponseTimeVSRequestGraphConsumer#stopProducing(): responseTimeVsRequest produced 0 samples
2024-12-25 13:29:15,286 INFO o.a.j.r.p.AbstractSampleConsumer: class org.apache.jmeter.report.processor.FilterConsumer#stopProducing(): startIntervalControlerFilter produced 105 samples
2024-12-25 13:29:15,286 INFO o.a.j.r.p.AbstractSampleConsumer: class org.apache.jmeter.report.processor.graph.impl.TotalTPSGraphConsumer#stopProducing(): totalTPS produced 0 samples
2024-12-25 13:29:15,287 INFO o.a.j.r.p.AbstractSampleConsumer: class org.apache.jmeter.report.processor.graph.impl.ActiveThreadsGraphConsumer#stopProducing(): activeThreadsOverTime produced 0 samples
2024-12-25 13:29:15,287 INFO o.a.j.r.p.AbstractSampleConsumer: class org.apache.jmeter.report.processor.graph.impl.TimeVSThreadGraphConsumer#stopProducing(): timeVsThreads produced 0 samples
2024-12-25 13:29:15,287 INFO o.a.j.r.p.AbstractSampleConsumer: class org.apache.jmeter.report.processor.graph.impl.ResponseTimeDistributionGraphConsumer#stopProducing(): responseTimeDistribution produced 0 samples
2024-12-25 13:29:15,287 INFO o.a.j.r.p.AbstractSampleConsumer: class org.apache.jmeter.report.processor.graph.impl.TransactionsPerSecondGraphConsumer#stopProducing(): transactionsPerSecond produced 0 samples
2024-12-25 13:29:15,288 INFO o.a.j.r.p.AbstractSampleConsumer: class org.apache.jmeter.report.processor.graph.impl.ResponseTimePercentilesGraphConsumer#stopProducing(): responseTimePercentiles produced 0 samples
2024-12-25 13:29:15,288 INFO o.a.j.r.p.AbstractSampleConsumer: class org.apache.jmeter.report.processor.graph.impl.ResponseTimePercentilesOverTimeGraphConsumer#stopProducing(): responseTimePercentilesOverTime produced 0 samples
2024-12-25 13:29:15,288 INFO o.a.j.r.p.AbstractSampleConsumer: class org.apache.jmeter.report.processor.graph.impl.ResponseTimeOverTimeGraphConsumer#stopProducing(): responseTimesOverTime produced 0 samples
2024-12-25 13:29:15,290 INFO o.a.j.r.p.AbstractSampleConsumer: class org.apache.jmeter.report.processor.graph.impl.ConnectTimeOverTimeGraphConsumer#stopProducing(): connectTimeOverTime produced 0 samples
2024-12-25 13:29:15,290 INFO o.a.j.r.p.AbstractSampleConsumer: class org.apache.jmeter.report.processor.graph.impl.LatencyOverTimeGraphConsumer#stopProducing(): latenciesOverTime produced 0 samples
2024-12-25 13:29:15,290 INFO o.a.j.r.p.AbstractSampleConsumer: class org.apache.jmeter.report.processor.FilterConsumer#stopProducing(): nameFilter produced 225 samples
2024-12-25 13:29:15,290 INFO o.a.j.r.p.AbstractSampleConsumer: class org.apache.jmeter.report.processor.FilterConsumer#stopProducing(): dateRangeFilter produced 45 samples
2024-12-25 13:29:15,291 INFO o.a.j.r.p.AbstractSampleConsumer: class org.apache.jmeter.report.processor.NormalizerSampleConsumer#stopProducing(): normalizer produced 15 samples
2024-12-25 13:29:15,291 INFO o.a.j.r.p.CsvFileSampleSource: produce(): 15 samples produced in 195ms on channel 0
2024-12-25 13:29:15,292 INFO o.a.j.r.d.ReportGenerator: Exporting data using exporter:'json' of className:'org.apache.jmeter.report.dashboard.JsonExporter'
2024-12-25 13:29:15,420 INFO o.a.j.r.d.JsonExporter: Found data for consumer statisticsSummary in context
2024-12-25 13:29:15,421 INFO o.a.j.r.d.JsonExporter: Creating statistics for overall
2024-12-25 13:29:15,421 INFO o.a.j.r.d.JsonExporter: Creating statistics for other transactions
2024-12-25 13:29:15,423 INFO o.a.j.r.d.JsonExporter: Checking output folder
2024-12-25 13:29:15,423 INFO o.a.j.r.d.JsonExporter: Writing statistics JSON to C:\Users\Talentify\Desktop\HTMLReports\statistics.json
2024-12-25 13:29:15,493 INFO o.a.j.r.d.ReportGenerator: Exporting data using exporter:'html' of className:'org.apache.jmeter.report.dashboard.HtmlTemplateExporter'
2024-12-25 13:29:15,498 INFO o.a.j.r.d.HtmlTemplateExporter: Will generate dashboard in folder: C:\Users\Talentify\Desktop\HTMLReports
2024-12-25 13:29:15,704 INFO o.a.j.r.d.HtmlTemplateExporter: Report will be generated in: C:\Users\Talentify\Desktop\HTMLReports, creating folder structure
2024-12-25 13:29:15,708 INFO o.a.j.r.d.TemplateVisitor: Copying folder from 'G:\My Drive\Talentify\Jmeter\apache-jmeter-5.6.3\bin\report-template' to 'C:\Users\Talentify\Desktop\HTMLReports', got message: C:\Users\Talentify\Desktop\HTMLReports, found non empty folder with following content [C:\Users\Talentify\Desktop\HTMLReports\statistics.json], will be ignored
